{"D:\\Desktop\\RUHungry\\RUHungry\\server\\app.js": {"path":"D:\\Desktop\\RUHungry\\RUHungry\\server\\app.js","statementMap":{"0":{"start":{"line":7,"column":12},"end":{"line":7,"column":21}},"1":{"start":{"line":10,"column":0},"end":{"line":10,"column":39}},"2":{"start":{"line":11,"column":0},"end":{"line":11,"column":39}},"3":{"start":{"line":14,"column":0},"end":{"line":14,"column":48}},"4":{"start":{"line":17,"column":0},"end":{"line":19,"column":3}},"5":{"start":{"line":18,"column":2},"end":{"line":18,"column":58}}},"fnMap":{"0":{"name":"(anonymous_0)","decl":{"start":{"line":17,"column":13},"end":{"line":17,"column":14}},"loc":{"start":{"line":17,"column":30},"end":{"line":19,"column":1}},"line":17}},"branchMap":{},"s":{"0":2,"1":2,"2":2,"3":2,"4":2,"5":0},"f":{"0":0},"b":{},"_coverageSchema":"1a1c01bbd47fc00a2c39e90264f33305004495a9","hash":"73946fdef912facf4fb07d68167e5481228c38bb"}
,"D:\\Desktop\\RUHungry\\RUHungry\\server\\items\\item.model.js": {"path":"D:\\Desktop\\RUHungry\\RUHungry\\server\\items\\item.model.js","statementMap":{"0":{"start":{"line":3,"column":22},"end":{"line":12,"column":1}},"1":{"start":{"line":14,"column":19},"end":{"line":14,"column":44}}},"fnMap":{},"branchMap":{},"s":{"0":2,"1":2},"f":{},"b":{},"_coverageSchema":"1a1c01bbd47fc00a2c39e90264f33305004495a9","hash":"e7d7b73f33e290534dba6189aedc923e0ebe579a"}
,"D:\\Desktop\\RUHungry\\RUHungry\\server\\items\\items.controller.js": {"path":"D:\\Desktop\\RUHungry\\RUHungry\\server\\items\\items.controller.js","statementMap":{"0":{"start":{"line":5,"column":15},"end":{"line":5,"column":23}},"1":{"start":{"line":7,"column":0},"end":{"line":10,"column":3}},"2":{"start":{"line":8,"column":16},"end":{"line":8,"column":33}},"3":{"start":{"line":9,"column":2},"end":{"line":9,"column":42}},"4":{"start":{"line":12,"column":0},"end":{"line":20,"column":3}},"5":{"start":{"line":13,"column":2},"end":{"line":19,"column":3}},"6":{"start":{"line":14,"column":17},"end":{"line":14,"column":39}},"7":{"start":{"line":15,"column":4},"end":{"line":15,"column":22}},"8":{"start":{"line":16,"column":4},"end":{"line":16,"column":52}},"9":{"start":{"line":18,"column":4},"end":{"line":18,"column":44}}},"fnMap":{"0":{"name":"(anonymous_0)","decl":{"start":{"line":7,"column":22},"end":{"line":7,"column":23}},"loc":{"start":{"line":7,"column":45},"end":{"line":10,"column":1}},"line":7},"1":{"name":"(anonymous_1)","decl":{"start":{"line":12,"column":42},"end":{"line":12,"column":43}},"loc":{"start":{"line":12,"column":71},"end":{"line":20,"column":1}},"line":12}},"branchMap":{},"s":{"0":2,"1":2,"2":0,"3":0,"4":2,"5":0,"6":0,"7":0,"8":0,"9":0},"f":{"0":0,"1":0},"b":{},"_coverageSchema":"1a1c01bbd47fc00a2c39e90264f33305004495a9","hash":"20d335c8edcb8d7aa8d68ec40ac2624d8ca0943b"}
,"D:\\Desktop\\RUHungry\\RUHungry\\server\\users\\user.model.js": {"path":"D:\\Desktop\\RUHungry\\RUHungry\\server\\users\\user.model.js","statementMap":{"0":{"start":{"line":3,"column":22},"end":{"line":13,"column":1}},"1":{"start":{"line":15,"column":19},"end":{"line":15,"column":44}}},"fnMap":{},"branchMap":{},"s":{"0":2,"1":2},"f":{},"b":{},"_coverageSchema":"1a1c01bbd47fc00a2c39e90264f33305004495a9","hash":"f4229a24b8990d7f6440242f8dbdb69bf49c5e58"}
,"D:\\Desktop\\RUHungry\\RUHungry\\server\\users\\users.controller.js": {"path":"D:\\Desktop\\RUHungry\\RUHungry\\server\\users\\users.controller.js","statementMap":{"0":{"start":{"line":5,"column":15},"end":{"line":5,"column":23}},"1":{"start":{"line":7,"column":0},"end":{"line":15,"column":3}},"2":{"start":{"line":8,"column":2},"end":{"line":14,"column":3}},"3":{"start":{"line":9,"column":17},"end":{"line":9,"column":39}},"4":{"start":{"line":10,"column":4},"end":{"line":10,"column":22}},"5":{"start":{"line":11,"column":4},"end":{"line":11,"column":54}},"6":{"start":{"line":13,"column":4},"end":{"line":13,"column":44}},"7":{"start":{"line":17,"column":0},"end":{"line":20,"column":3}},"8":{"start":{"line":18,"column":16},"end":{"line":18,"column":33}},"9":{"start":{"line":19,"column":2},"end":{"line":19,"column":42}}},"fnMap":{"0":{"name":"(anonymous_0)","decl":{"start":{"line":7,"column":42},"end":{"line":7,"column":43}},"loc":{"start":{"line":7,"column":71},"end":{"line":15,"column":1}},"line":7},"1":{"name":"(anonymous_1)","decl":{"start":{"line":17,"column":22},"end":{"line":17,"column":23}},"loc":{"start":{"line":17,"column":45},"end":{"line":20,"column":1}},"line":17}},"branchMap":{},"s":{"0":2,"1":2,"2":0,"3":0,"4":0,"5":0,"6":0,"7":2,"8":0,"9":0},"f":{"0":0,"1":0},"b":{},"_coverageSchema":"1a1c01bbd47fc00a2c39e90264f33305004495a9","hash":"37778798627c9eb249c41ec85324f84503f99aab"}
}
