TN:
SF:server\app.js
FN:17,(anonymous_0)
FNF:1
FNH:0
FNDA:0,(anonymous_0)
DA:7,2
DA:10,2
DA:11,2
DA:14,2
DA:17,2
DA:18,0
LF:6
LH:5
BRF:0
BRH:0
end_of_record
TN:
SF:server\items\item.model.js
FNF:0
FNH:0
DA:3,2
DA:14,2
LF:2
LH:2
BRF:0
BRH:0
end_of_record
TN:
SF:server\items\items.controller.js
FN:7,(anonymous_0)
FN:12,(anonymous_1)
FNF:2
FNH:2
FNDA:1,(anonymous_0)
FNDA:1,(anonymous_1)
DA:5,2
DA:7,2
DA:8,1
DA:9,1
DA:12,2
DA:13,1
DA:14,1
DA:15,1
DA:16,1
DA:18,0
LF:10
LH:9
BRF:0
BRH:0
end_of_record
TN:
SF:server\users\user.model.js
FNF:0
FNH:0
DA:3,2
DA:15,2
LF:2
LH:2
BRF:0
BRH:0
end_of_record
TN:
SF:server\users\users.controller.js
FN:7,(anonymous_0)
FN:17,(anonymous_1)
FNF:2
FNH:2
FNDA:1,(anonymous_0)
FNDA:1,(anonymous_1)
DA:5,2
DA:7,2
DA:8,1
DA:9,1
DA:10,1
DA:11,1
DA:13,0
DA:17,2
DA:18,1
DA:19,1
LF:10
LH:9
BRF:0
BRH:0
end_of_record
